

                           Boeing/ct20stif
         ┌──────────────────────────────────────────────────┐    
       1 │⣻⣾⣨⣇⣿⣿⣟⡀⡀⠀⠀⠀⠀⠩⠀⠀⠀⠜⠁⠀⢈⣿⡁⠀⠀⠀⠀⠀⠀⠀⠀⠀⠀⠀⠀⠀⠀⠀⠀⠀⠀⠀⠀⠀⠀⠀⠀⠀⠀⠀│ > 0
         │⠦⢾⣿⣿⡷⠶⠺⠿⠇⠀⠀⠀⠀⠀⠀⠀⠀⠀⠀⠀⠰⠖⠆⠂⠀⠀⠀⠀⠀⠀⠀⠀⠀⠀⠀⠀⠀⠀⠀⠰⠀⠀⠀⠀⠀⠀⠀⠀⢖⡒│ < 0
         │⣿⣿⢹⡏⡿⣯⣹⢿⡁⠀⠀⡀⠀⣋⠀⠀⠀⠀⠀⠀⣲⣯⡁⠀⠀⠀⠀⠀⠀⠀⠀⠀⠀⠀⠀⠀⠀⠀⠀⢠⠄⠀⠀⠀⠀⠀⠀⢠⡀⢀│    
         │⠛⠹⣾⡆⣷⣞⣻⣾⡃⠀⠀⠀⠀⠉⠀⠀⠀⠀⠀⠈⠑⢛⢲⡆⢒⢴⠠⠀⠀⠀⠀⠀⠀⠀⠀⠀⠈⠀⠀⠐⠂⠀⠀⠀⠀⠀⠀⠐⢊⠓│    
         │⠀⠈⠉⠁⠁⠈⠉⠈⣿⣿⡛⡍⢙⠉⠛⠻⣄⠀⢹⠐⠹⠀⠉⠁⠁⠀⠀⠀⠀⠀⠀⠀⠀⠀⠀⠀⠀⠀⠀⠀⠀⠀⠀⠀⠀⠀⠀⠀⠀⠀│    
         │⠀⠀⠀⠀⠀⠠⠀⠀⡟⠬⠿⣧⣤⣤⡄⣬⠉⠄⢸⡤⡭⢤⠄⠀⠀⠀⠀⢠⠀⠀⡄⠀⠀⠀⠀⠀⠀⠀⠀⠀⠀⠀⠀⠀⠀⠀⠀⠀⠀⠀│    
         │⡄⡀⠀⠀⡤⢠⡄⠀⡗⠐⠀⣿⣿⣿⡓⢾⣀⡉⢿⣷⣷⣾⡄⠀⠀⠀⠀⠸⠆⠀⠇⠀⢀⢀⠀⠀⡰⠂⠀⠀⠀⠀⠀⠀⠀⠀⠀⠀⠀⠀│    
         │⠀⠀⠀⠀⠀⠀⠀⠀⣿⡀⡀⣭⣹⣌⡿⣯⡉⠜⣊⢿⣤⡀⡀⠀⠀⠀⠀⠀⠀⠀⠀⠁⠈⠀⠈⠁⠱⠆⠀⠀⠀⠀⠀⠀⠀⠀⠀⠀⠀⠀│    
         │⣀⠄⠀⠀⠀⠀⠀⠀⠀⠙⠃⠄⡄⠸⣃⠌⣻⣾⡃⠀⠀⠀⠀⠀⠀⠀⠀⠀⠀⠀⠀⠀⠀⠀⠀⠀⠀⠀⠀⠀⠀⠀⠀⠀⠀⠀⠀⠀⠀⠀│    
         │⠁⠀⠀⠀⠀⠀⡀⠀⢓⠒⠒⡶⢿⣷⣮⣜⠉⠈⣻⣾⣔⣀⡀⠀⠀⠀⠀⠈⠀⠀⠁⠆⠰⠰⠰⠆⢶⡄⠀⠀⠀⠀⠀⠀⠀⠀⠀⠀⠀⠀│    
         │⣦⣴⢰⠆⡼⣾⣵⢀⠓⠂⠃⣏⣹⣿⠀⠻⠀⠀⠐⢹⡿⣯⡖⠂⠀⠀⠀⠀⠀⠀⠂⠀⠀⠀⠀⠀⠀⠀⠀⠀⠆⠀⠀⠀⠀⠀⠀⠠⠀⠀│    
         │⠁⠈⠨⠁⠁⠈⠸⠶⠇⠀⠀⠁⠀⠉⠀⠈⠀⠀⠀⠈⠸⠉⢿⣷⣾⡿⡿⣧⠀⠀⠀⠀⠀⠀⠀⠀⠀⠀⠀⠉⠀⠀⠀⠀⠀⠀⠀⠀⠡⠈│    
         │⠀⠀⠀⠀⠀⠀⢘⣔⠁⠀⠀⠀⠀⠀⠀⠀⠀⠀⠀⠀⠀⠀⣾⡿⠻⣦⣿⠗⠀⠀⠀⠀⠀⠀⠀⠀⠀⠀⠀⠀⠀⠀⠀⠀⠀⠀⠀⠀⠀⠀│    
         │⠀⠀⠀⠀⠀⠀⠀⠂⠀⠀⠀⣀⣀⡀⠀⠀⠀⠀⡀⠀⠀⠀⠿⣯⢿⠟⠻⣦⡀⠀⡀⠀⠀⠀⠀⠀⠀⠀⠀⠰⠂⠀⠀⠀⠀⠀⠀⠰⠆⠀│    
         │⠀⠀⠀⠀⠀⠀⠀⠀⠀⠀⠀⠀⠈⠁⠀⠀⠀⠀⠀⠀⠀⠀⠀⠀⠀⠀⠀⠈⣿⣿⡄⠀⠀⠀⠀⠀⠀⠀⠀⠀⠀⠀⠀⠀⠀⠀⠀⠀⠀⠀│    
         │⠀⠀⠀⠀⠀⠀⠀⠀⠀⠀⠀⠉⠉⠁⠄⠀⠀⠀⠡⠄⠈⠀⠀⠀⠀⠀⠀⠈⠀⠉⠿⣧⡬⠈⠀⠃⠄⠀⠀⠀⠀⠀⠀⠀⠀⠀⠀⠀⠒⠀│    
         │⠀⠀⠀⠀⠀⠀⠀⠀⠀⠀⠀⠀⠀⢐⠂⠀⠀⠀⢐⡂⠀⠀⠀⠀⠀⠀⠀⠀⠀⠀⡂⠋⢻⣶⣀⠀⡢⠀⠀⠀⠀⠀⠀⠀⠀⠀⠀⠀⠀⠀│    
         │⠀⠀⠀⠀⠀⠀⠀⠀⠀⠀⠀⠀⠀⠀⠆⠀⠀⠀⠰⠆⠀⠀⠀⠀⠀⠀⠀⠀⠀⠀⠤⠀⠀⠘⠻⣦⣶⠀⠀⠀⠀⠀⠀⠀⠀⠀⠀⠀⠀⠀│    
         │⠀⠀⠀⠀⠀⠀⠂⠀⠀⠀⠀⠀⠰⠊⠱⠆⠀⠀⠘⠷⠀⠀⠀⠀⠀⠀⠀⠀⠀⠀⠀⠁⠈⠊⠘⠛⢻⣶⣦⡄⠀⠀⠀⠀⠀⠀⠀⠀⠒⠀│    
         │⠀⠀⢀⡀⠀⣀⢀⠀⠀⠀⠀⠀⠀⠀⠀⠀⠀⠀⠀⠀⠀⠀⡄⠀⠀⠀⢀⡀⠀⠀⠀⠀⠀⠀⠀⠀⠈⠿⠿⣧⡄⡤⣠⢀⠀⠀⠀⢀⡄⢠│    
         │⠀⠀⠀⠀⠀⠁⠈⠀⠀⠀⠀⠀⠀⠀⠀⠀⠀⠀⠀⠀⠈⠁⠀⠀⠀⠀⠈⠀⠀⠀⠀⠀⠀⠀⠀⠀⠀⠀⠀⡭⢿⣷⣿⠌⢩⠀⠀⠈⡇⠀│    
         │⠀⠀⠀⠀⠀⠀⠀⠀⠀⠀⠀⠀⠀⠀⠀⠀⠀⠀⠀⠀⠀⠀⠀⠀⠀⠀⠀⠀⠀⠀⠀⠀⠀⠀⠀⠀⠀⠀⠀⢚⡛⠟⢻⣶⡝⠀⠀⠀⡆⠀│    
         │⠀⠀⠀⠀⠀⠀⠀⠀⠀⠀⠀⠀⠀⠀⠀⠀⠀⠀⠀⠀⠀⠀⠀⠀⠀⠀⠀⠀⠀⠀⠀⠀⠀⠀⠀⠀⠀⠀⠀⠀⠃⠒⠓⠉⢻⣶⣶⡄⠁⠀│    
         │⠀⠀⠀⠀⠀⣀⢀⠀⠀⠀⠀⠀⠀⠀⠀⠀⠀⠀⠀⠀⠀⡀⠀⠀⠀⠀⢀⡀⠀⠀⠀⠀⠀⠀⠀⠀⠀⠀⠀⢀⡀⠀⠀⠀⠘⠿⡿⣯⡇⠀│    
   52329 │⠀⠀⢸⠱⠀⢈⢮⠐⠀⠀⠀⠀⠀⠀⠀⠀⠀⠀⠀⠀⠀⠀⡁⠂⠀⠀⠈⠁⠀⠀⠘⠀⠀⠀⠀⠀⠘⠀⠀⣉⠉⠉⠈⠉⠁⠀⠉⠉⡻⣮│    
         └──────────────────────────────────────────────────┘    
         1                                              52329
                            nz = 2600295
[ Info: using old model
┌───────────────────────────────────────────────────────────────────────────────────────────────────────────────────────────────────────────────────────┬─────────────┬────────────┬────────────┐
│                                                                                                                                                method │   setuptime │     memory │    runtime │
├───────────────────────────────────────────────────────────────────────────────────────────────────────────────────────────────────────────────────────┼─────────────┼────────────┼────────────┤
│                                                                                                                                               nothing │         0.0 │ 4.202336e7 │ 2.388871e6 │
│                                                                                                                                               nothing │         0.0 │ 4.202336e7 │ 2.468302e6 │
│                                                                                                                SparseMatrix1DVBCs.StrictPartitioner() │  7.585729e6 │   29974176 │ 1.735168e6 │
│                                                                                                                                      StrictChunker(8) │  8.142381e6 │   29974176 │ 1.671275e6 │
│                                                                                                            SparseMatrix1DVBCs.OverlapPartitioner(0.9) │ 1.6571554e7 │   28093088 │ 1.714868e6 │
│                                                                                                                                OverlapChunker(0.9, 8) │ 1.3698079e7 │   28093088 │ 1.496521e6 │
│                                         SparseMatrix1DVBCs.OptimalPartitioner{SparseMatrix1DVBCs.FixedBlockCost}(SparseMatrix1DVBCs.FixedBlockCost()) │ 1.8143271e7 │   30507264 │ 1.433747e6 │
│                                                      DynamicTotalChunker{AffineFillNetCostModel{Int64}}(AffineFillNetCostModel{Int64}(0, 0, 0, 1), 8) │ 1.8590812e7 │   30507264 │  1.74218e6 │
│                       SparseMatrix1DVBCs.OptimalPartitioner{SparseMatrix1DVBCs.BlockRowMemoryCost{Float64,Int64}}(BlockRowMemoryCost(Float64, Int64)) │  1.704138e7 │   27115424 │ 1.344919e6 │
│                                                     DynamicTotalChunker{AffineFillNetCostModel{Int64}}(AffineFillNetCostModel{Int64}(24, 0, 8, 8), 8) │ 1.6612459e7 │   27115424 │ 1.545909e6 │
│      SparseMatrix1DVBCs.OptimalPartitioner{SparseMatrix1DVBCs.BlockRowTimeCost{(1, 4, 8),Float64,Int64}}(BlockRowTimeCost((1, 4, 8), Float64, Int64)) │ 1.8769983e7 │   28430208 │ 1.352055e6 │
│ DynamicTotalChunker{SparseMatrix1DVBCs.SparseMatrix1DVBCTimeModel{(1, 4, 8),Float64,Int64}}(SparseMatrix1DVBCTimeModel((1, 4, 8), Float64, Int64), 8) │ 1.7617591e7 │   28430208 │ 1.343011e6 │
└───────────────────────────────────────────────────────────────────────────────────────────────────────────────────────────────────────────────────────┴─────────────┴────────────┴────────────┘


       DIMACS10/chesapeake
      ┌────────────────────┐    
    1 │⠀⠀⠀⠰⠦⠰⠶⣀⣀⡀⠀⠶⠀⠀⠀⠀⠀⠲⡔⢰│ > 0
      │⢀⡀⠠⡢⣀⢀⣀⠀⠈⠀⠀⠀⠀⠀⠀⠀⠀⢲⠉⢸│ < 0
      │⢈⡃⠀⢘⠮⠃⠀⠀⠀⢀⠉⠉⠁⠀⠀⠀⠀⢸⡆⢹│    
      │⠘⢣⠀⠘⠀⠀⠀⠀⠀⢈⠀⠀⢠⣥⣤⠀⠀⠘⡇⢻│    
      │⠀⠸⠂⠀⠀⢀⡀⢀⡀⡨⠀⠀⠠⠬⠠⠀⢄⠀⡇⣸│    
      │⢠⡄⠀⠀⡇⠀⠀⠀⠀⠀⠀⠀⠀⠠⠄⡤⣴⢠⡇⣿│    
      │⠀⠀⠀⠀⠁⠀⠄⣶⡀⡆⠀⡀⠀⠀⠀⡀⠀⠀⡇⣿│    
      │⠀⠀⠀⠀⠀⠀⠀⠛⠀⠂⠀⡥⠀⠠⠀⠀⡀⠀⡇⣿│    
      │⢠⡀⢠⣀⣀⣀⣀⠀⠀⠑⠐⣛⠀⠀⠀⠈⠀⠀⣣⠛│    
   39 │⢐⣉⣃⣀⣌⣉⣭⣉⣉⣩⣭⣭⣭⣭⣭⣭⣭⠚⠀⠀│    
      └────────────────────┘    
      1                   39
            nz = 340
[ Info: using old model
┌───────────────────────────────────────────────────────────────────────────────────────────────────────────────────────────────────────────────────────┬────────────────────┬────────┬────────────────────┐
│                                                                                                                                                method │          setuptime │ memory │            runtime │
├───────────────────────────────────────────────────────────────────────────────────────────────────────────────────────────────────────────────────────┼────────────────────┼────────┼────────────────────┤
│                                                                                                                                               nothing │                0.0 │ 5760.0 │ 327.82666666666665 │
│                                                                                                                                               nothing │                0.0 │ 5760.0 │  328.0616740088106 │
│                                                                                                                SparseMatrix1DVBCs.StrictPartitioner() │              902.5 │   6464 │ 300.36470588235295 │
│                                                                                                                                      StrictChunker(8) │             1032.5 │   6464 │  294.8560606060606 │
│                                                                                                            SparseMatrix1DVBCs.OverlapPartitioner(0.9) │             1918.7 │   6160 │ 260.25766871165644 │
│                                                                                                                                OverlapChunker(0.9, 8) │             1725.4 │   6160 │  260.9901639344262 │
│                                         SparseMatrix1DVBCs.OptimalPartitioner{SparseMatrix1DVBCs.FixedBlockCost}(SparseMatrix1DVBCs.FixedBlockCost()) │  2493.222222222222 │   7768 │ 151.14058679706602 │
│                                                      DynamicTotalChunker{AffineFillNetCostModel{Int64}}(AffineFillNetCostModel{Int64}(0, 0, 0, 1), 8) │  2495.777777777778 │   7768 │ 150.66707768187422 │
│                       SparseMatrix1DVBCs.OptimalPartitioner{SparseMatrix1DVBCs.BlockRowMemoryCost{Float64,Int64}}(BlockRowMemoryCost(Float64, Int64)) │ 2028.7777777777778 │   5704 │ 223.89565217391305 │
│                                                     DynamicTotalChunker{AffineFillNetCostModel{Int64}}(AffineFillNetCostModel{Int64}(24, 0, 8, 8), 8) │ 2128.4444444444443 │   5704 │  222.7804347826087 │
│      SparseMatrix1DVBCs.OptimalPartitioner{SparseMatrix1DVBCs.BlockRowTimeCost{(1, 4, 8),Float64,Int64}}(BlockRowTimeCost((1, 4, 8), Float64, Int64)) │  2849.777777777778 │   7520 │  152.7459526774595 │
│ DynamicTotalChunker{SparseMatrix1DVBCs.SparseMatrix1DVBCTimeModel{(1, 4, 8),Float64,Int64}}(SparseMatrix1DVBCTimeModel((1, 4, 8), Float64, Int64), 8) │ 2585.5555555555557 │   7520 │ 150.06204379562044 │
└───────────────────────────────────────────────────────────────────────────────────────────────────────────────────────────────────────────────────────┴────────────────────┴────────┴────────────────────┘


                           Schmid/thermal1
         ┌──────────────────────────────────────────────────┐    
       1 │⣿⣿⣿⣿⠬⣤⠉⠁⠀⠉⠈⠀⠀⠈⠀⠀⠀⠀⠀⠁⠀⠀⠀⠀⠀⠀⠀⠀⠀⠀⠀⠀⠀⠀⠉⠁⠀⠀⠀⠀⠀⠀⠀⠀⠀⠀⠀⠀⡏⢠│ > 0
         │⣿⣿⣿⣿⣿⣿⣖⣀⡀⠀⠀⠀⠀⠀⠀⠀⠀⠀⠀⠀⠀⠀⠀⠀⠀⠀⠀⠀⠀⠀⠀⠀⠀⠀⠀⠀⠀⠀⠀⠀⠀⠀⠀⠀⠀⠀⠀⠀⣿⠸│ < 0
         │⠂⣧⣿⣿⣿⣿⣿⣿⣶⣔⠂⢀⡄⢀⡀⢀⡀⢈⢀⠀⠀⠀⠀⠀⠀⣀⣀⠀⠀⠀⠀⠀⠀⠀⠀⠀⠀⠀⠀⠀⠀⠀⠀⠀⠀⠀⠀⠀⣿⢰│    
         │⠇⠀⠘⢹⣿⣿⣿⣿⣿⣿⣏⣂⢃⢸⠇⠀⠀⠀⠀⠀⠀⠀⠀⠈⠁⢀⠀⠀⠀⠀⠀⠀⠀⠀⠀⢀⡀⠀⠀⠀⠀⠀⠀⠀⠀⠀⠀⠀⢸⢘│    
         │⡄⠀⠀⠈⢘⢿⣿⣿⣿⣿⣿⣿⣿⡼⠯⣈⠀⠉⠁⠀⠁⠡⠅⠀⠀⠀⠀⠀⠀⠀⠀⠀⠀⠀⠀⠀⠀⠀⠀⠀⠀⠀⠀⠀⠀⠀⠀⠀⢸⢸│    
         │⠂⠀⠀⠀⠈⢀⠫⢹⣿⣿⣿⣿⣿⣿⣷⡖⢠⡦⠆⠀⠀⠀⠀⠀⠀⠀⠀⠀⠀⠀⠀⠀⠀⠀⠀⠀⠀⠀⠀⠀⠀⠀⠀⠀⠀⠀⠀⠀⢸⢸│    
         │⡀⠀⠀⠀⠀⢉⣉⣐⣛⡿⣿⣿⣿⣿⣿⣿⣯⣧⣔⡆⠠⠀⠀⠀⠀⠀⠀⠀⡀⠀⠀⣀⠀⠀⠀⠀⠀⠀⠀⠀⠀⠀⠀⠀⠀⠀⠀⠀⢸⡘│    
         │⠀⠀⠀⠀⠀⢈⠉⠁⡋⢣⢹⠿⣿⣿⣿⣿⣿⣿⣮⣭⡴⡄⠹⡂⠀⠀⠀⠀⠀⠀⠀⠀⠀⠀⠀⠀⠀⠀⠀⠀⠀⠀⠀⠀⠀⠀⠀⠀⢸⡵│    
         │⠀⠀⠀⠀⡀⢈⠀⠀⡄⠀⠠⡶⠯⣿⣿⣿⣿⣿⣿⣿⣽⣯⣫⠒⠀⠀⠀⠀⠀⠀⠀⠀⠀⠀⠀⠀⠀⠀⠀⠀⠀⠀⠀⠀⠀⠀⠀⠀⢸⣿│    
         │⠄⠀⠀⠀⠀⠐⠀⠀⠁⠀⠈⠁⠰⠽⡎⣿⣿⣿⣿⣿⣿⣿⣿⣀⠀⠀⠀⠀⠀⠀⠀⠀⠀⠀⠀⠀⠀⠀⠀⠀⠀⠀⠀⠀⠀⠀⠀⠀⢸⣿│    
         │⠀⠀⠀⠀⠀⠀⠀⠀⠅⡀⠀⠀⠀⠂⠐⠯⡷⣿⣿⣿⣿⣿⣿⣷⣶⡄⠀⢀⠀⢀⡀⠀⠀⠀⠀⠀⠀⠀⠀⠀⠀⠀⠀⠀⠀⠀⠀⠀⢸⡿│    
         │⠀⠀⠀⠀⠀⠀⡀⠀⠁⠁⠀⠀⠀⠀⠳⠢⢫⠚⠛⢻⢿⣿⣿⣿⣿⣿⣴⣖⣠⣀⠀⠀⠀⠀⠀⠀⠀⠀⠀⠀⠀⠀⠀⠀⠀⠀⠀⠀⠘⡿│    
         │⠀⠀⠀⠀⠀⢠⠁⢀⠀⠀⠀⠀⠀⠀⠀⠀⠀⠀⠀⠀⠘⠿⣿⣿⣿⣿⣿⣿⣟⣦⡖⠐⠂⠄⠀⠀⠀⠀⠀⠀⠀⠀⠀⠀⠀⠀⠀⠀⠀⣯│    
         │⠀⠀⠀⠀⠀⠘⠀⠀⠀⠀⠀⠀⠀⠀⠀⠀⠀⠀⠀⠀⠀⢀⢰⢿⣿⣿⣿⣿⣿⣿⣿⣏⡀⠀⠀⠀⠒⠀⠀⠀⠀⠀⠀⠀⠀⠀⠀⠀⠀⣟│    
         │⠀⠀⠀⠀⠀⠀⠀⠀⠀⠀⠀⠀⠀⠈⠀⠀⠀⠀⠀⠀⠀⢀⠀⢺⠻⣽⣿⣿⣿⣿⣿⣿⣮⠤⠄⠀⡄⠀⠀⠀⠀⠀⠀⠀⠀⠀⠀⠀⠀⡟│    
         │⠀⠀⠀⠀⠀⠀⠀⠀⠀⠀⠀⠀⠀⢠⠀⠀⠀⠀⠀⠀⠀⠈⠀⠀⢘⠉⡿⢿⣿⣿⣿⣿⣿⣿⣞⣿⡒⠀⠀⠀⠀⠀⠀⠀⠀⠀⠀⠀⠀⣧│    
         │⠀⠀⠀⠀⠀⠀⠀⠀⠀⠀⠀⠀⠀⠀⠀⠀⠀⠀⠀⠀⠀⠀⠀⠀⠈⠄⠀⠈⠊⡟⣿⣿⣿⣿⣿⣾⣆⠀⢀⡻⠀⠀⠀⠄⠀⠀⠀⠀⠀⣿│    
         │⠇⠀⠀⠀⠀⠀⠀⢀⠀⠀⠀⠀⠀⠀⠀⠀⠀⠀⠀⠀⠀⠀⠀⠀⠀⠀⠀⠀⠀⠁⣾⣽⣻⣿⣿⣿⣿⣥⣐⠀⡀⠀⠂⠒⠀⠀⠀⠀⠀⣿│    
         │⠀⠀⠀⠀⠀⠀⠀⠈⠀⠀⠀⠀⠀⠀⠀⠀⠀⠀⠀⠀⠀⠀⠀⠀⠀⠀⠘⠀⠀⠉⠘⠈⠈⠙⠟⣿⣿⣿⣿⣈⣷⠀⠀⠀⠀⠀⠀⠀⠀⢿│    
         │⠀⠀⠀⠀⠀⠀⠀⠀⠀⠀⠀⠀⠀⠀⠀⠀⠀⠀⠀⠀⠀⠀⠀⠀⠀⠀⠀⠀⠀⠀⠀⠀⣤⡰⠐⠘⡛⢻⣿⣿⣿⣿⡇⠀⠀⠀⠀⠀⠀⣾│    
         │⠀⠀⠀⠀⠀⠀⠀⠀⠀⠀⠀⠀⠀⠀⠀⠀⠀⠀⠀⠀⠀⠀⠀⠀⠀⠀⠀⠀⠀⠀⠀⠀⠀⠀⠀⠈⠙⠛⣿⣿⣿⣿⣶⡇⠀⠀⠀⠀⠀⢸│    
         │⠀⠀⠀⠀⠀⠀⠀⠀⠀⠀⠀⠀⠀⠀⠀⠀⠀⠀⠀⠀⠀⠀⠀⠀⠀⠀⠀⠀⠀⠀⠀⠀⠀⠄⢨⠀⠀⠀⠉⠉⠼⠿⣿⣿⣷⣶⡇⠁⠀⢸│    
         │⠀⠀⠀⠀⠀⠀⠀⠀⠀⠀⠀⠀⠀⠀⠀⠀⠀⠀⠀⠀⠀⠀⠀⠀⠀⠀⠀⠀⠀⠀⠀⠀⠀⠀⠀⠀⠀⠀⠀⠀⠀⠀⢹⣿⣿⣿⣷⡄⠀⢸│    
         │⠀⠀⠀⠀⠀⠀⠀⠀⠀⠀⠀⠀⠀⠀⠀⠀⠀⠀⠀⠀⠀⠀⠀⠀⠀⠀⠀⠀⠀⠀⠀⠀⠀⠀⠀⠀⠀⠀⠀⠀⠀⠀⠍⠉⠙⠿⣿⣿⡇⢸│    
   82654 │⠋⣉⣛⡛⢛⣛⣒⢒⣒⣒⣒⣒⣒⠲⢖⡶⣶⣶⣶⣶⣶⡶⣶⡤⡤⣤⣤⢤⣤⠤⠤⣤⣤⣤⣤⣤⣤⣄⣠⣤⣀⣀⣀⣀⣀⣀⣉⣉⣻⣾│    
         └──────────────────────────────────────────────────┘    
         1                                              82654
                             nz = 574458
[ Info: using old model
┌───────────────────────────────────────────────────────────────────────────────────────────────────────────────────────────────────────────────────────┬─────────────┬────────────┬────────────┐
│                                                                                                                                                method │   setuptime │     memory │    runtime │
├───────────────────────────────────────────────────────────────────────────────────────────────────────────────────────────────────────────────────────┼─────────────┼────────────┼────────────┤
│                                                                                                                                               nothing │         0.0 │ 9.852568e6 │   706417.0 │
│                                                                                                                                               nothing │         0.0 │ 9.852568e6 │   713044.0 │
│                                                                                                                SparseMatrix1DVBCs.StrictPartitioner() │  1.853771e6 │   11175112 │   920778.0 │
│                                                                                                                                      StrictChunker(8) │  2.063266e6 │   11175112 │   998371.0 │
│                                                                                                            SparseMatrix1DVBCs.OverlapPartitioner(0.9) │ 1.1833817e7 │   13472080 │   858428.0 │
│                                                                                                                                OverlapChunker(0.9, 8) │ 1.0952033e7 │   13472080 │   847244.0 │
│                                         SparseMatrix1DVBCs.OptimalPartitioner{SparseMatrix1DVBCs.FixedBlockCost}(SparseMatrix1DVBCs.FixedBlockCost()) │ 1.5176878e7 │   17858760 │   917435.0 │
│                                                      DynamicTotalChunker{AffineFillNetCostModel{Int64}}(AffineFillNetCostModel{Int64}(0, 0, 0, 1), 8) │ 1.3903669e7 │   17858760 │ 1.103852e6 │
│                       SparseMatrix1DVBCs.OptimalPartitioner{SparseMatrix1DVBCs.BlockRowMemoryCost{Float64,Int64}}(BlockRowMemoryCost(Float64, Int64)) │  5.878484e6 │   10981032 │   863905.0 │
│                                                     DynamicTotalChunker{AffineFillNetCostModel{Int64}}(AffineFillNetCostModel{Int64}(24, 0, 8, 8), 8) │  5.560788e6 │   10981032 │   871753.0 │
│      SparseMatrix1DVBCs.OptimalPartitioner{SparseMatrix1DVBCs.BlockRowTimeCost{(1, 4, 8),Float64,Int64}}(BlockRowTimeCost((1, 4, 8), Float64, Int64)) │ 1.3869012e7 │   16711608 │   886942.0 │
│ DynamicTotalChunker{SparseMatrix1DVBCs.SparseMatrix1DVBCTimeModel{(1, 4, 8),Float64,Int64}}(SparseMatrix1DVBCTimeModel((1, 4, 8), Float64, Int64), 8) │ 1.3241366e7 │   16711608 │   890920.0 │
└───────────────────────────────────────────────────────────────────────────────────────────────────────────────────────────────────────────────────────┴─────────────┴────────────┴────────────┘


                           Rothberg/3dtube
         ┌──────────────────────────────────────────────────┐    
       1 │⣿⣿⣿⣶⠶⠀⠀⠀⠀⠀⠀⠀⠀⠀⠀⠀⠀⠀⠀⠀⠀⠀⠀⠀⠀⠀⠀⠀⠀⠀⠀⠀⠀⠀⠀⠀⠀⠀⠀⠀⠀⠀⠀⠀⠀⠀⠀⠀⠀⠀│ > 0
         │⢻⣿⣿⣿⣷⣶⠶⠀⠀⠀⠀⠀⠀⠀⠀⠀⠀⠀⠀⠀⠀⠀⠀⠀⠀⠀⠀⠀⠀⠀⠀⠀⠀⠀⠀⠀⠀⠀⠀⠀⠀⠀⠀⠀⠀⠀⠀⠀⠀⠀│ < 0
         │⠘⠃⢹⣿⣿⣿⣷⣶⠆⠀⠀⠀⠀⠀⠀⠀⠀⠀⠀⠀⠀⠀⠀⠀⠀⠀⠀⠀⠀⠀⠀⠀⠀⠀⠀⠀⠀⠀⠀⠀⠀⠀⠀⠀⠀⠀⠀⠀⠀⠀│    
         │⠀⠀⠘⠃⢹⣿⣿⣿⣷⣶⠆⠀⠀⠀⠀⠀⠀⠀⠀⠀⠀⠀⠀⠀⠀⠀⠀⠀⠀⠀⠀⠀⠀⠀⠀⠀⠀⠀⠀⠀⠀⠀⠀⠀⠀⠀⠀⠀⠀⠀│    
         │⠀⠀⠀⠀⠈⠁⢹⣿⣿⣿⣿⣿⠆⠀⠀⠀⠀⠀⠀⠀⠀⠀⠀⠀⠀⠀⠀⠀⠀⠀⠀⠀⠀⠀⠀⠀⠀⠀⠀⠀⠀⠀⠀⠀⠀⠀⠀⠀⠀⠀│    
         │⠀⠀⠀⠀⠀⠀⠈⠁⣿⣿⣿⣿⣿⣿⠆⠀⠀⠀⠀⠀⠀⠀⠀⠀⠀⠀⠀⠀⠀⠀⠀⠀⠀⠀⠀⠀⠀⠀⠀⠀⠀⠀⠀⠀⠀⠀⠀⠀⠀⠀│    
         │⠀⠀⠀⠀⠀⠀⠀⠀⠈⠁⣿⣿⣿⣿⣿⣿⠆⠀⠀⠀⠀⠀⠀⠀⠀⠀⠀⠀⠀⠀⠀⠀⠀⠀⠀⠀⠀⠀⠀⠀⠀⠀⠀⠀⠀⠀⠀⠀⠀⠀│    
         │⠀⠀⠀⠀⠀⠀⠀⠀⠀⠀⠈⠁⣿⣿⣿⣿⣿⣟⠃⠀⠀⠀⠀⠀⠀⠀⠀⠀⠀⠀⠀⠀⠀⠀⠀⠀⠀⠀⠀⠀⠀⠀⠀⠀⠀⠀⠀⠀⠀⠀│    
         │⠀⠀⠀⠀⠀⠀⠀⠀⠀⠀⠀⠀⠈⠁⣿⢿⣿⣿⣿⣟⠃⠀⠀⠀⠀⠀⠀⠀⠀⠀⠀⠀⠀⠀⠀⠀⠀⠀⠀⠀⠀⠀⠀⠀⠀⠀⠀⠀⠀⠀│    
         │⠀⠀⠀⠀⠀⠀⠀⠀⠀⠀⠀⠀⠀⠀⠉⠀⣿⢿⣿⣿⣿⣟⠃⠀⠀⠀⠀⠀⠀⠀⠀⠀⠀⠀⠀⠀⠀⠀⠀⠀⠀⠀⠀⠀⠀⠀⠀⠀⠀⠀│    
         │⠀⠀⠀⠀⠀⠀⠀⠀⠀⠀⠀⠀⠀⠀⠀⠀⠉⠀⣿⢿⣿⣿⣿⣟⠃⠀⠀⠀⠀⠀⠀⠀⠀⠀⠀⠀⠀⠀⠀⠀⠀⠀⠀⠀⠀⠀⠀⠀⠀⠀│    
         │⠀⠀⠀⠀⠀⠀⠀⠀⠀⠀⠀⠀⠀⠀⠀⠀⠀⠀⠉⠀⣿⢿⣿⣿⣿⣟⠀⠀⠀⠀⠀⠀⠀⠀⠀⠀⠀⠀⠀⠀⠀⠀⠀⠀⠀⠀⠀⠀⠀⠀│    
         │⠀⠀⠀⠀⠀⠀⠀⠀⠀⠀⠀⠀⠀⠀⠀⠀⠀⠀⠀⠀⠉⠀⣿⢿⣿⣿⣿⣟⣀⡀⠀⠀⠀⠀⠀⠀⠀⠀⠀⠀⠀⠀⠀⠀⠀⠀⠀⠀⠀⠀│    
         │⠀⠀⠀⠀⠀⠀⠀⠀⠀⠀⠀⠀⠀⠀⠀⠀⠀⠀⠀⠀⠀⠀⠀⠀⣿⢿⣿⣿⣿⣟⣀⡀⠀⠀⠀⠀⠀⠀⠀⠀⠀⠀⠀⠀⠀⠀⠀⠀⠀⠀│    
         │⠀⠀⠀⠀⠀⠀⠀⠀⠀⠀⠀⠀⠀⠀⠀⠀⠀⠀⠀⠀⠀⠀⠀⠀⠀⠸⣿⢿⣿⣿⣿⣟⣀⡀⠀⠀⠀⠀⠀⠀⠀⠀⠀⠀⠀⠀⠀⠀⠀⠀│    
         │⠀⠀⠀⠀⠀⠀⠀⠀⠀⠀⠀⠀⠀⠀⠀⠀⠀⠀⠀⠀⠀⠀⠀⠀⠀⠀⠀⠸⣿⢿⣿⣿⣿⣟⣀⣀⠀⠀⠀⠀⠀⠀⠀⠀⠀⠀⠀⠀⠀⠀│    
         │⠀⠀⠀⠀⠀⠀⠀⠀⠀⠀⠀⠀⠀⠀⠀⠀⠀⠀⠀⠀⠀⠀⠀⠀⠀⠀⠀⠀⠀⠸⣿⢿⣿⣿⣿⣟⣀⣀⠀⠀⠀⠀⠀⠀⠀⠀⠀⠀⠀⠀│    
         │⠀⠀⠀⠀⠀⠀⠀⠀⠀⠀⠀⠀⠀⠀⠀⠀⠀⠀⠀⠀⠀⠀⠀⠀⠀⠀⠀⠀⠀⠀⠀⢸⣿⢿⣿⣿⣿⣍⣀⣀⠀⠀⠀⠀⠀⠀⠀⠀⠀⠀│    
         │⠀⠀⠀⠀⠀⠀⠀⠀⠀⠀⠀⠀⠀⠀⠀⠀⠀⠀⠀⠀⠀⠀⠀⠀⠀⠀⠀⠀⠀⠀⠀⠀⠀⢸⡟⢿⣿⣿⣿⣍⣀⣀⠀⠀⠀⠀⠀⠀⠀⠀│    
         │⠀⠀⠀⠀⠀⠀⠀⠀⠀⠀⠀⠀⠀⠀⠀⠀⠀⠀⠀⠀⠀⠀⠀⠀⠀⠀⠀⠀⠀⠀⠀⠀⠀⠀⠀⢸⡟⢿⣿⣿⣿⣍⣀⡀⠀⠀⠀⠀⠀⠀│    
         │⠀⠀⠀⠀⠀⠀⠀⠀⠀⠀⠀⠀⠀⠀⠀⠀⠀⠀⠀⠀⠀⠀⠀⠀⠀⠀⠀⠀⠀⠀⠀⠀⠀⠀⠀⠀⠀⢸⡟⢿⣿⣿⣿⣍⣀⡀⠀⠀⠀⠀│    
         │⠀⠀⠀⠀⠀⠀⠀⠀⠀⠀⠀⠀⠀⠀⠀⠀⠀⠀⠀⠀⠀⠀⠀⠀⠀⠀⠀⠀⠀⠀⠀⠀⠀⠀⠀⠀⠀⠀⠀⠸⡟⢿⣿⣿⣿⣅⣀⡀⠀⠀│    
         │⠀⠀⠀⠀⠀⠀⠀⠀⠀⠀⠀⠀⠀⠀⠀⠀⠀⠀⠀⠀⠀⠀⠀⠀⠀⠀⠀⠀⠀⠀⠀⠀⠀⠀⠀⠀⠀⠀⠀⠀⠀⠸⠟⢿⣿⣿⣿⣥⣤⡀│    
         │⠀⠀⠀⠀⠀⠀⠀⠀⠀⠀⠀⠀⠀⠀⠀⠀⠀⠀⠀⠀⠀⠀⠀⠀⠀⠀⠀⠀⠀⠀⠀⠀⠀⠀⠀⠀⠀⠀⠀⠀⠀⠀⠀⠸⠟⣿⣿⣿⣿⣥│    
   45330 │⠀⠀⠀⠀⠀⠀⠀⠀⠀⠀⠀⠀⠀⠀⠀⠀⠀⠀⠀⠀⠀⠀⠀⠀⠀⠀⠀⠀⠀⠀⠀⠀⠀⠀⠀⠀⠀⠀⠀⠀⠀⠀⠀⠀⠀⠻⠟⣿⣿⣿│    
         └──────────────────────────────────────────────────┘    
         1                                              45330
                            nz = 3213618
[ Info: using old model
┌───────────────────────────────────────────────────────────────────────────────────────────────────────────────────────────────────────────────────────┬─────────────┬─────────────┬────────────┐
│                                                                                                                                                method │   setuptime │      memory │    runtime │
├───────────────────────────────────────────────────────────────────────────────────────────────────────────────────────────────────────────────────────┼─────────────┼─────────────┼────────────┤
│                                                                                                                                               nothing │         0.0 │ 5.1780536e7 │ 3.485632e6 │
│                                                                                                                                               nothing │         0.0 │ 5.1780536e7 │ 3.699971e6 │
│                                                                                                                SparseMatrix1DVBCs.StrictPartitioner() │   9.81937e6 │    34914640 │ 1.919954e6 │
│                                                                                                                                      StrictChunker(8) │ 1.0639161e7 │    34914640 │ 2.282152e6 │
│                                                                                                            SparseMatrix1DVBCs.OverlapPartitioner(0.9) │ 2.6379855e7 │    51962512 │ 2.928986e6 │
│                                                                                                                                OverlapChunker(0.9, 8) │ 1.9509074e7 │    51962512 │  2.91131e6 │
│                                         SparseMatrix1DVBCs.OptimalPartitioner{SparseMatrix1DVBCs.FixedBlockCost}(SparseMatrix1DVBCs.FixedBlockCost()) │  2.309988e7 │    40732624 │ 2.266974e6 │
│                                                      DynamicTotalChunker{AffineFillNetCostModel{Int64}}(AffineFillNetCostModel{Int64}(0, 0, 0, 1), 8) │ 1.9881011e7 │    40732624 │  1.92783e6 │
│                       SparseMatrix1DVBCs.OptimalPartitioner{SparseMatrix1DVBCs.BlockRowMemoryCost{Float64,Int64}}(BlockRowMemoryCost(Float64, Int64)) │ 2.0671204e7 │    34817632 │ 2.053231e6 │
│                                                     DynamicTotalChunker{AffineFillNetCostModel{Int64}}(AffineFillNetCostModel{Int64}(24, 0, 8, 8), 8) │ 2.0305237e7 │    34817632 │ 1.882524e6 │
│      SparseMatrix1DVBCs.OptimalPartitioner{SparseMatrix1DVBCs.BlockRowTimeCost{(1, 4, 8),Float64,Int64}}(BlockRowTimeCost((1, 4, 8), Float64, Int64)) │ 2.4044316e7 │    40288192 │  1.92844e6 │
│ DynamicTotalChunker{SparseMatrix1DVBCs.SparseMatrix1DVBCTimeModel{(1, 4, 8),Float64,Int64}}(SparseMatrix1DVBCTimeModel((1, 4, 8), Float64, Int64), 8) │ 2.2676855e7 │    40288192 │ 2.115675e6 │
└───────────────────────────────────────────────────────────────────────────────────────────────────────────────────────────────────────────────────────┴─────────────┴─────────────┴────────────┘